# configure exec: ./configure --prefix=/Users/tonyefremenko/Documents/sandbox/mq/kafka/nodejs/kafka-nodejs/node_modules/node-rdkafka/build/deps --libdir=/Users/tonyefremenko/Documents/sandbox/mq/kafka/nodejs/kafka-nodejs/node_modules/node-rdkafka/build/deps --prefix=/Users/tonyefremenko/Documents/sandbox/mq/kafka/nodejs/kafka-nodejs/node_modules/node-rdkafka/build/deps --libdir=/Users/tonyefremenko/Documents/sandbox/mq/kafka/nodejs/kafka-nodejs/node_modules/node-rdkafka/build/deps
# On Thu Aug 19 10:57:15 EDT 2021
DBG 10522: Setting distro (distro) status to ok (action ignore)
DBG 10522: ccenv: WITH_CC:  --version failed: mklove/modules/configure.base: line 1761: --version: command not found
DBG 10522: Setting ccenv (ccenv) status to failed (action cont)
DBG 10522: Check ccenv (WITH_CC, action cont (originally cont)) failed: command ' --version' failed:
mklove/modules/configure.base: line 1761: --version: command not found
DBG 10522: Setting gcc (gcc) status to ok (action cont)
DBG 10522: cxxenv: WITH_CXX:  --version failed: mklove/modules/configure.base: line 1761: --version: command not found
DBG 10522: Setting cxxenv (cxxenv) status to failed (action cont)
DBG 10522: Check cxxenv (WITH_CXX, action cont (originally cont)) failed: command ' --version' failed:
mklove/modules/configure.base: line 1761: --version: command not found
DBG 10522: Setting gxx (gxx) status to ok (action cont)
DBG 10522: Setting ld (ld) status to ok (action disable)
DBG 10522: Setting nm (nm) status to ok (action disable)
DBG 10522: Setting objdump (objdump) status to ok (action disable)
DBG 10522: Setting strip (strip) status to ok (action disable)
DBG 10522: Setting libtool (libtool) status to ok (action disable)
DBG 10522: Setting ranlib (ranlib) status to ok (action disable)
DBG 10522: Compile check cc_g_dwarf () (sub=0): gcc  -I/usr/local/opt/openssl/include -Wall -Werror _mkltmpI3I1kC.c -o _mkltmpI3I1kC.c.o  -L/usr/local/opt/openssl/lib -L/Users/tonyefremenko/Documents/sandbox/mq/kafka/nodejs/kafka-nodejs/node_modules/node-rdkafka/build/deps -gstrict-dwarf
DBG 10522: Setting cc_g_dwarf (cc_g_dwarf) status to ok (action cont)
DBG 10522: pkgconfig: WITH_PKGCONFIG: pkg-config --version failed: mklove/modules/configure.base: line 1761: pkg-config: command not found
DBG 10522: Setting pkgconfig (pkgconfig) status to failed (action cont)
DBG 10522: Check pkgconfig (WITH_PKGCONFIG, action cont (originally cont)) failed: command 'pkg-config --version' failed:
mklove/modules/configure.base: line 1761: pkg-config: command not found
DBG 10522: install: WITH_INSTALL: install --version failed: install: illegal option -- -
usage: install [-bCcpSsv] [-B suffix] [-f flags] [-g group] [-m mode]
               [-o owner] file1 file2
       install [-bCcpSsv] [-B suffix] [-f flags] [-g group] [-m mode]
               [-o owner] file1 ... fileN directory
       install -d [-v] [-g group] [-m mode] [-o owner] directory ...
DBG 10522: Setting install (install) status to failed (action cont)
DBG 10522: Check install (WITH_INSTALL, action cont (originally cont)) failed: command 'install --version' failed:
install: illegal option -- -
usage: install [-bCcpSsv] [-B suffix] [-f flags] [-g group] [-m mode]
               [-o owner] file1 file2
       install [-bCcpSsv] [-B suffix] [-f flags] [-g group] [-m mode]
               [-o owner] file1 ... fileN directory
       install -d [-v] [-g group] [-m mode] [-o owner] directory ...
DBG 10522: Compile check PIC (HAVE_PIC) (sub=0): gcc  -I/usr/local/opt/openssl/include -gstrict-dwarf -O2 -Wall -Werror _mkltmprwg9Ie.c -o _mkltmprwg9Ie.c.o  -L/usr/local/opt/openssl/lib -L/Users/tonyefremenko/Documents/sandbox/mq/kafka/nodejs/kafka-nodejs/node_modules/node-rdkafka/build/deps -fPIC
DBG 10522: Setting PIC (PIC) status to ok (action disable)
DBG 10522: Compile check gnulib (WITH_GNULD) (sub=0): gcc  -I/usr/local/opt/openssl/include -gstrict-dwarf -O2 -fPIC -Wall -Werror _mkltmpXPn6UK.c -o _mkltmpXPn6UK.c.o  -L/usr/local/opt/openssl/lib -L/Users/tonyefremenko/Documents/sandbox/mq/kafka/nodejs/kafka-nodejs/node_modules/node-rdkafka/build/deps -shared -Wl,-soname,mkltest.0
DBG 10522: compile check for gnulib (WITH_GNULD) failed: gcc  -I/usr/local/opt/openssl/include -gstrict-dwarf -O2 -fPIC -Wall -Werror _mkltmpXPn6UK.c -o _mkltmpXPn6UK.c.o  -L/usr/local/opt/openssl/lib -L/Users/tonyefremenko/Documents/sandbox/mq/kafka/nodejs/kafka-nodejs/node_modules/node-rdkafka/build/deps -shared -Wl,-soname,mkltest.0: ld: unknown option: -soname
clang: error: linker command failed with exit code 1 (use -v to see invocation)
DBG 10522: Setting gnulib (gnulib) status to failed (action cont)
DBG 10522: Check gnulib (WITH_GNULD, action cont (originally cont)) failed: compile check failed:
CC: CC
flags: -shared -Wl,-soname,mkltest.0
gcc  -I/usr/local/opt/openssl/include -gstrict-dwarf -O2 -fPIC -Wall -Werror _mkltmpXPn6UK.c -o _mkltmpXPn6UK.c.o  -L/usr/local/opt/openssl/lib -L/Users/tonyefremenko/Documents/sandbox/mq/kafka/nodejs/kafka-nodejs/node_modules/node-rdkafka/build/deps -shared -Wl,-soname,mkltest.0:
ld: unknown option: -soname
clang: error: linker command failed with exit code 1 (use -v to see invocation)
source: 
DBG 10522: Compile check osxlib (WITH_OSXLD) (sub=0): gcc  -I/usr/local/opt/openssl/include -gstrict-dwarf -O2 -fPIC -Wall -Werror _mkltmprS7osE.c -o _mkltmprS7osE.c.o  -L/usr/local/opt/openssl/lib -L/Users/tonyefremenko/Documents/sandbox/mq/kafka/nodejs/kafka-nodejs/node_modules/node-rdkafka/build/deps -dynamiclib -Wl,-install_name,/tmp/mkltest.so.0
DBG 10522: Setting osxlib (osxlib) status to ok (action cont)
DBG 10522: Compile check ldsflagvs () (sub=0): gcc  -I/usr/local/opt/openssl/include -gstrict-dwarf -O2 -fPIC -Wall -Werror _mkltmpZGG5fL.c -o _mkltmpZGG5fL.c.o  -L/usr/local/opt/openssl/lib -L/Users/tonyefremenko/Documents/sandbox/mq/kafka/nodejs/kafka-nodejs/node_modules/node-rdkafka/build/deps -shared -Wl,--version-script=_mkltmpW49Vox
DBG 10522: compile check for ldsflagvs () failed: gcc  -I/usr/local/opt/openssl/include -gstrict-dwarf -O2 -fPIC -Wall -Werror _mkltmpZGG5fL.c -o _mkltmpZGG5fL.c.o  -L/usr/local/opt/openssl/lib -L/Users/tonyefremenko/Documents/sandbox/mq/kafka/nodejs/kafka-nodejs/node_modules/node-rdkafka/build/deps -shared -Wl,--version-script=_mkltmpW49Vox: ld: unknown option: --version-script=_mkltmpW49Vox
clang: error: linker command failed with exit code 1 (use -v to see invocation)
DBG 10522: Setting ldsflagvs (ldsflagvs) status to failed (action cont)
DBG 10522: Check ldsflagvs (, action cont (originally cont)) failed: compile check failed:
CC: CC
flags: -shared -Wl,--version-script=_mkltmpW49Vox
gcc  -I/usr/local/opt/openssl/include -gstrict-dwarf -O2 -fPIC -Wall -Werror _mkltmpZGG5fL.c -o _mkltmpZGG5fL.c.o  -L/usr/local/opt/openssl/lib -L/Users/tonyefremenko/Documents/sandbox/mq/kafka/nodejs/kafka-nodejs/node_modules/node-rdkafka/build/deps -shared -Wl,--version-script=_mkltmpW49Vox:
ld: unknown option: --version-script=_mkltmpW49Vox
clang: error: linker command failed with exit code 1 (use -v to see invocation)
source: 
DBG 10522: Compile check ldsflagm () (sub=0): gcc  -I/usr/local/opt/openssl/include -gstrict-dwarf -O2 -fPIC -Wall -Werror _mkltmp6BOwKu.c -o _mkltmp6BOwKu.c.o  -L/usr/local/opt/openssl/lib -L/Users/tonyefremenko/Documents/sandbox/mq/kafka/nodejs/kafka-nodejs/node_modules/node-rdkafka/build/deps -shared -Wl,-M_mkltmpW49Vox
DBG 10522: compile check for ldsflagm () failed: gcc  -I/usr/local/opt/openssl/include -gstrict-dwarf -O2 -fPIC -Wall -Werror _mkltmp6BOwKu.c -o _mkltmp6BOwKu.c.o  -L/usr/local/opt/openssl/lib -L/Users/tonyefremenko/Documents/sandbox/mq/kafka/nodejs/kafka-nodejs/node_modules/node-rdkafka/build/deps -shared -Wl,-M_mkltmpW49Vox: ld: unknown option: -M_mkltmpW49Vox
clang: error: linker command failed with exit code 1 (use -v to see invocation)
DBG 10522: Setting ldsflagm (ldsflagm) status to failed (action ignore)
DBG 10522: Check ldsflagm (, action ignore (originally ignore)) failed: compile check failed:
CC: CC
flags: -shared -Wl,-M_mkltmpW49Vox
gcc  -I/usr/local/opt/openssl/include -gstrict-dwarf -O2 -fPIC -Wall -Werror _mkltmp6BOwKu.c -o _mkltmp6BOwKu.c.o  -L/usr/local/opt/openssl/lib -L/Users/tonyefremenko/Documents/sandbox/mq/kafka/nodejs/kafka-nodejs/node_modules/node-rdkafka/build/deps -shared -Wl,-M_mkltmpW49Vox:
ld: unknown option: -M_mkltmpW49Vox
clang: error: linker command failed with exit code 1 (use -v to see invocation)
source: 
DBG 10522: Compile check __atomic_32 (HAVE_ATOMICS_32) (sub=0): gcc  -I/usr/local/opt/openssl/include -gstrict-dwarf -O2 -fPIC -Wall -Werror _mkltmp3dcvxl.c -o _mkltmp3dcvxl.c.o  -L/usr/local/opt/openssl/lib -L/Users/tonyefremenko/Documents/sandbox/mq/kafka/nodejs/kafka-nodejs/node_modules/node-rdkafka/build/deps 
DBG 10522: Setting __atomic_32 (__atomic_32) status to ok (action cont)
DBG 10522: Compile check __atomic_64 (HAVE_ATOMICS_64) (sub=0): gcc  -I/usr/local/opt/openssl/include -gstrict-dwarf -O2 -fPIC -Wall -Werror _mkltmp20E0Ex.c -o _mkltmp20E0Ex.c.o  -L/usr/local/opt/openssl/lib -L/Users/tonyefremenko/Documents/sandbox/mq/kafka/nodejs/kafka-nodejs/node_modules/node-rdkafka/build/deps 
DBG 10522: Setting __atomic_64 (__atomic_64) status to ok (action cont)
DBG 10522: Compile check socket () (sub=0): gcc  -I/usr/local/opt/openssl/include -gstrict-dwarf -O2 -fPIC -Wall -Wsign-compare -Wfloat-equal -Wpointer-arith -Wcast-align -Wall -Werror _mkltmpexX1bx.c -o _mkltmpexX1bx.c.o  -L/usr/local/opt/openssl/lib -L/Users/tonyefremenko/Documents/sandbox/mq/kafka/nodejs/kafka-nodejs/node_modules/node-rdkafka/build/deps 
DBG 10522: Setting socket (socket) status to ok (action cont)
DBG 10522: Setting parseversion (parseversion) status to ok (action cont)
DBG 10522: librt: Check for static library (libs -lrt, arfile variable STATIC_LIB_librt=, static filenames )
DBG 10522: Compile check librt () (sub=0): gcc  -I/usr/local/opt/openssl/include -gstrict-dwarf -O2 -fPIC -Wall -Wsign-compare -Wfloat-equal -Wpointer-arith -Wcast-align -Wall -Werror _mkltmpI7mkQo.c -o _mkltmpI7mkQo.c.o  -L/usr/local/opt/openssl/lib -L/Users/tonyefremenko/Documents/sandbox/mq/kafka/nodejs/kafka-nodejs/node_modules/node-rdkafka/build/deps -lrt
DBG 10522: compile check for librt () failed: gcc  -I/usr/local/opt/openssl/include -gstrict-dwarf -O2 -fPIC -Wall -Wsign-compare -Wfloat-equal -Wpointer-arith -Wcast-align -Wall -Werror _mkltmpI7mkQo.c -o _mkltmpI7mkQo.c.o  -L/usr/local/opt/openssl/lib -L/Users/tonyefremenko/Documents/sandbox/mq/kafka/nodejs/kafka-nodejs/node_modules/node-rdkafka/build/deps -lrt: ld: library not found for -lrt
clang: error: linker command failed with exit code 1 (use -v to see invocation)
DBG 10522: Setting librt (librt) status to failed (action cont)
DBG 10522: Check librt (, action cont (originally cont)) failed: compile check failed:
CC: CC
flags: -lrt
gcc  -I/usr/local/opt/openssl/include -gstrict-dwarf -O2 -fPIC -Wall -Wsign-compare -Wfloat-equal -Wpointer-arith -Wcast-align -Wall -Werror _mkltmpI7mkQo.c -o _mkltmpI7mkQo.c.o  -L/usr/local/opt/openssl/lib -L/Users/tonyefremenko/Documents/sandbox/mq/kafka/nodejs/kafka-nodejs/node_modules/node-rdkafka/build/deps -lrt:
ld: library not found for -lrt
clang: error: linker command failed with exit code 1 (use -v to see invocation)
source: 
DBG 10522: libpthread: Check for static library (libs -lpthread, arfile variable STATIC_LIB_libpthread=, static filenames )
DBG 10522: Compile check libpthread () (sub=0): gcc  -I/usr/local/opt/openssl/include -gstrict-dwarf -O2 -fPIC -Wall -Wsign-compare -Wfloat-equal -Wpointer-arith -Wcast-align -Wall -Werror _mkltmpiW3eDx.c -o _mkltmpiW3eDx.c.o  -L/usr/local/opt/openssl/lib -L/Users/tonyefremenko/Documents/sandbox/mq/kafka/nodejs/kafka-nodejs/node_modules/node-rdkafka/build/deps -lpthread
DBG 10522: Setting libpthread (libpthread) status to ok (action fail)
DBG 10522: libpthread: from lib_check: LIBS: prepend -lpthread
DBG 10522: c11threads: Check for static library (libs -lpthread, arfile variable STATIC_LIB_c11threads=, static filenames )
DBG 10522: Compile check c11threads (WITH_C11THREADS) (sub=0): gcc  -I/usr/local/opt/openssl/include -gstrict-dwarf -O2 -fPIC -Wall -Wsign-compare -Wfloat-equal -Wpointer-arith -Wcast-align -Wall -Werror _mkltmpIF2fVm.c -o _mkltmpIF2fVm.c.o  -L/usr/local/opt/openssl/lib -L/Users/tonyefremenko/Documents/sandbox/mq/kafka/nodejs/kafka-nodejs/node_modules/node-rdkafka/build/deps -lpthread
DBG 10522: compile check for c11threads (WITH_C11THREADS) failed: gcc  -I/usr/local/opt/openssl/include -gstrict-dwarf -O2 -fPIC -Wall -Wsign-compare -Wfloat-equal -Wpointer-arith -Wcast-align -Wall -Werror _mkltmpIF2fVm.c -o _mkltmpIF2fVm.c.o  -L/usr/local/opt/openssl/lib -L/Users/tonyefremenko/Documents/sandbox/mq/kafka/nodejs/kafka-nodejs/node_modules/node-rdkafka/build/deps -lpthread: _mkltmpIF2fVm.c:2:10: fatal error: 'threads.h' file not found
#include <threads.h>
         ^~~~~~~~~~~
1 error generated.
DBG 10522: Setting c11threads (c11threads) status to failed (action disable)
DBG 10522: Check c11threads (WITH_C11THREADS, action disable (originally disable)) failed: compile check failed:
CC: CC
flags: -lpthread
gcc  -I/usr/local/opt/openssl/include -gstrict-dwarf -O2 -fPIC -Wall -Wsign-compare -Wfloat-equal -Wpointer-arith -Wcast-align -Wall -Werror _mkltmpIF2fVm.c -o _mkltmpIF2fVm.c.o  -L/usr/local/opt/openssl/lib -L/Users/tonyefremenko/Documents/sandbox/mq/kafka/nodejs/kafka-nodejs/node_modules/node-rdkafka/build/deps -lpthread:
_mkltmpIF2fVm.c:2:10: fatal error: 'threads.h' file not found
#include <threads.h>
         ^~~~~~~~~~~
1 error generated.
source: 
#include <threads.h>


static int start_func (void *arg) {
   int iarg = *(int *)arg;
   return iarg;
}

void foo (void) {
    thrd_t thr;
    int arg = 1;
    if (thrd_create(&thr, start_func, (void *)&arg) != thrd_success) {
      ;
    }
}

DBG 10522: libdl: Check for static library (libs -ldl, arfile variable STATIC_LIB_libdl=, static filenames )
DBG 10522: Compile check libdl (WITH_LIBDL) (sub=0): gcc  -I/usr/local/opt/openssl/include -gstrict-dwarf -O2 -fPIC -Wall -Wsign-compare -Wfloat-equal -Wpointer-arith -Wcast-align -Wall -Werror _mkltmp2Av5SB.c -o _mkltmp2Av5SB.c.o  -L/usr/local/opt/openssl/lib -L/Users/tonyefremenko/Documents/sandbox/mq/kafka/nodejs/kafka-nodejs/node_modules/node-rdkafka/build/deps -ldl
DBG 10522: Setting libdl (libdl) status to ok (action disable)
DBG 10522: libdl: from lib_check: LIBS: prepend -ldl
DBG 10522: zlib: Check for static library (libs -lz, arfile variable STATIC_LIB_zlib=, static filenames libz.a)
DBG 10522: Compile check zlib (WITH_ZLIB) (sub=0): gcc  -I/usr/local/opt/openssl/include -gstrict-dwarf -O2 -fPIC -Wall -Wsign-compare -Wfloat-equal -Wpointer-arith -Wcast-align -Wall -Werror _mkltmpKSoPcl.c -o _mkltmpKSoPcl.c.o  -L/usr/local/opt/openssl/lib -L/Users/tonyefremenko/Documents/sandbox/mq/kafka/nodejs/kafka-nodejs/node_modules/node-rdkafka/build/deps -lz
DBG 10522: Setting zlib (zlib) status to ok (action disable)
DBG 10522: zlib: from lib_check: LIBS: prepend -lz
DBG 10522: libcrypto: Check for static library (libs -lcrypto, arfile variable STATIC_LIB_libcrypto=, static filenames libcrypto.a)
DBG 10522: Compile check libcrypto () (sub=0): gcc  -I/usr/local/opt/openssl/include -gstrict-dwarf -O2 -fPIC -Wall -Wsign-compare -Wfloat-equal -Wpointer-arith -Wcast-align -Wall -Werror _mkltmpEqYKRW.c -o _mkltmpEqYKRW.c.o  -L/usr/local/opt/openssl/lib -L/Users/tonyefremenko/Documents/sandbox/mq/kafka/nodejs/kafka-nodejs/node_modules/node-rdkafka/build/deps -lcrypto
DBG 10522: Setting libcrypto (libcrypto) status to ok (action disable)
DBG 10522: libcrypto: from lib_check: LIBS: prepend -lcrypto
DBG 10522: libssl: Check for static library (libs -lssl -lcrypto, arfile variable STATIC_LIB_libssl=, static filenames libssl.a)
DBG 10522: Compile check libssl (WITH_SSL) (sub=0): gcc  -I/usr/local/opt/openssl/include -gstrict-dwarf -O2 -fPIC -Wall -Wsign-compare -Wfloat-equal -Wpointer-arith -Wcast-align -Wall -Werror _mkltmpPoTFxU.c -o _mkltmpPoTFxU.c.o  -L/usr/local/opt/openssl/lib -L/Users/tonyefremenko/Documents/sandbox/mq/kafka/nodejs/kafka-nodejs/node_modules/node-rdkafka/build/deps -lssl -lcrypto
DBG 10522: Setting libssl (libssl) status to ok (action disable)
DBG 10522: libssl: from lib_check: LIBS: prepend -lssl -lcrypto
DBG 10522: libsasl2: Check for static library (libs -lsasl2, arfile variable STATIC_LIB_libsasl2=, static filenames )
DBG 10522: Compile check libsasl2 (WITH_SASL_CYRUS) (sub=0): gcc  -I/usr/local/opt/openssl/include -gstrict-dwarf -O2 -fPIC -Wall -Wsign-compare -Wfloat-equal -Wpointer-arith -Wcast-align -Wall -Werror _mkltmpXCMl6Q.c -o _mkltmpXCMl6Q.c.o  -L/usr/local/opt/openssl/lib -L/Users/tonyefremenko/Documents/sandbox/mq/kafka/nodejs/kafka-nodejs/node_modules/node-rdkafka/build/deps -lsasl2
DBG 10522: Setting libsasl2 (libsasl2) status to ok (action disable)
DBG 10522: libsasl2: from lib_check: LIBS: prepend -lsasl2
DBG 10522: libzstd: Check for static library (libs -lzstd, arfile variable STATIC_LIB_libzstd=, static filenames libzstd.a)
DBG 10522: Compile check libzstd (WITH_ZSTD) (sub=0): gcc  -I/usr/local/opt/openssl/include -gstrict-dwarf -O2 -fPIC -Wall -Wsign-compare -Wfloat-equal -Wpointer-arith -Wcast-align -Wall -Werror _mkltmpIVbRCQ.c -o _mkltmpIVbRCQ.c.o  -L/usr/local/opt/openssl/lib -L/Users/tonyefremenko/Documents/sandbox/mq/kafka/nodejs/kafka-nodejs/node_modules/node-rdkafka/build/deps -lzstd
DBG 10522: Setting libzstd (libzstd) status to ok (action disable)
DBG 10522: libzstd: from lib_check: LIBS: prepend -lzstd
DBG 10522: libm: Check for static library (libs -lm, arfile variable STATIC_LIB_libm=, static filenames )
DBG 10522: Compile check libm () (sub=0): gcc  -I/usr/local/opt/openssl/include -gstrict-dwarf -O2 -fPIC -Wall -Wsign-compare -Wfloat-equal -Wpointer-arith -Wcast-align -Wall -Werror _mkltmpkzBPHV.c -o _mkltmpkzBPHV.c.o  -L/usr/local/opt/openssl/lib -L/Users/tonyefremenko/Documents/sandbox/mq/kafka/nodejs/kafka-nodejs/node_modules/node-rdkafka/build/deps -lm
DBG 10522: Setting libm (libm) status to ok (action disable)
DBG 10522: libm: from lib_check: LIBS: prepend -lm
DBG 10522: liblz4: Check for static library (libs -llz4, arfile variable STATIC_LIB_liblz4=, static filenames liblz4.a)
DBG 10522: Compile check liblz4 (WITH_LZ4_EXT) (sub=0): gcc  -I/usr/local/opt/openssl/include -gstrict-dwarf -O2 -fPIC -Wall -Wsign-compare -Wfloat-equal -Wpointer-arith -Wcast-align -Wall -Werror _mkltmpcSLRvj.c -o _mkltmpcSLRvj.c.o  -L/usr/local/opt/openssl/lib -L/Users/tonyefremenko/Documents/sandbox/mq/kafka/nodejs/kafka-nodejs/node_modules/node-rdkafka/build/deps -llz4
DBG 10522: Setting liblz4 (liblz4) status to ok (action disable)
DBG 10522: liblz4: from lib_check: LIBS: prepend -llz4
DBG 10522: Compile check syslog (WITH_SYSLOG) (sub=0): gcc  -I/usr/local/opt/openssl/include -gstrict-dwarf -O2 -fPIC -Wall -Wsign-compare -Wfloat-equal -Wpointer-arith -Wcast-align -Wall -Werror _mkltmpTEy8n2.c -o _mkltmpTEy8n2.c.o  -L/usr/local/opt/openssl/lib -L/Users/tonyefremenko/Documents/sandbox/mq/kafka/nodejs/kafka-nodejs/node_modules/node-rdkafka/build/deps 
DBG 10522: Setting syslog (syslog) status to ok (action disable)
DBG 10522: Compile check rapidjson (WITH_RAPIDJSON) (sub=0): g++  -I/usr/local/opt/openssl/include -gstrict-dwarf -O2 -fPIC -Wall -Wsign-compare -Wfloat-equal -Wpointer-arith -Wcast-align -Wall -Werror _mkltmp1Cb5Q3.cpp -o _mkltmp1Cb5Q3.cpp.o  -L/usr/local/opt/openssl/lib -L/Users/tonyefremenko/Documents/sandbox/mq/kafka/nodejs/kafka-nodejs/node_modules/node-rdkafka/build/deps 
DBG 10522: compile check for rapidjson (WITH_RAPIDJSON) failed: g++  -I/usr/local/opt/openssl/include -gstrict-dwarf -O2 -fPIC -Wall -Wsign-compare -Wfloat-equal -Wpointer-arith -Wcast-align -Wall -Werror _mkltmp1Cb5Q3.cpp -o _mkltmp1Cb5Q3.cpp.o  -L/usr/local/opt/openssl/lib -L/Users/tonyefremenko/Documents/sandbox/mq/kafka/nodejs/kafka-nodejs/node_modules/node-rdkafka/build/deps : _mkltmp1Cb5Q3.cpp:1:10: fatal error: 'rapidjson/schema.h' file not found
#include <rapidjson/schema.h>
         ^~~~~~~~~~~~~~~~~~~~
1 error generated.
DBG 10522: Setting rapidjson (rapidjson) status to failed (action disable)
DBG 10522: Check rapidjson (WITH_RAPIDJSON, action disable (originally disable)) failed: compile check failed:
CC: CXX
flags: 
g++  -I/usr/local/opt/openssl/include -gstrict-dwarf -O2 -fPIC -Wall -Wsign-compare -Wfloat-equal -Wpointer-arith -Wcast-align -Wall -Werror _mkltmp1Cb5Q3.cpp -o _mkltmp1Cb5Q3.cpp.o  -L/usr/local/opt/openssl/lib -L/Users/tonyefremenko/Documents/sandbox/mq/kafka/nodejs/kafka-nodejs/node_modules/node-rdkafka/build/deps :
_mkltmp1Cb5Q3.cpp:1:10: fatal error: 'rapidjson/schema.h' file not found
#include <rapidjson/schema.h>
         ^~~~~~~~~~~~~~~~~~~~
1 error generated.
source: #include <rapidjson/schema.h>
DBG 10522: Compile check crc32chw (WITH_CRC32C_HW) (sub=0): gcc  -I/usr/local/opt/openssl/include -gstrict-dwarf -O2 -fPIC -Wall -Wsign-compare -Wfloat-equal -Wpointer-arith -Wcast-align -Wall -Werror _mkltmpPVGY0D.c -o _mkltmpPVGY0D.c.o  -L/usr/local/opt/openssl/lib -L/Users/tonyefremenko/Documents/sandbox/mq/kafka/nodejs/kafka-nodejs/node_modules/node-rdkafka/build/deps 
DBG 10522: Setting crc32chw (crc32chw) status to ok (action disable)
DBG 10522: Compile check regex (HAVE_REGEX) (sub=0): gcc  -I/usr/local/opt/openssl/include -gstrict-dwarf -O2 -fPIC -Wall -Wsign-compare -Wfloat-equal -Wpointer-arith -Wcast-align -Wall -Werror _mkltmpYJvYqa.c -o _mkltmpYJvYqa.c.o  -L/usr/local/opt/openssl/lib -L/Users/tonyefremenko/Documents/sandbox/mq/kafka/nodejs/kafka-nodejs/node_modules/node-rdkafka/build/deps 
DBG 10522: Setting regex (regex) status to ok (action disable)
DBG 10522: Compile check rand_r (HAVE_RAND_R) (sub=0): gcc  -I/usr/local/opt/openssl/include -gstrict-dwarf -O2 -fPIC -Wall -Wsign-compare -Wfloat-equal -Wpointer-arith -Wcast-align -Wall -Werror _mkltmpcoQ8iC.c -o _mkltmpcoQ8iC.c.o  -L/usr/local/opt/openssl/lib -L/Users/tonyefremenko/Documents/sandbox/mq/kafka/nodejs/kafka-nodejs/node_modules/node-rdkafka/build/deps 
DBG 10522: Setting rand_r (rand_r) status to ok (action disable)
DBG 10522: Compile check strndup (HAVE_STRNDUP) (sub=0): gcc  -I/usr/local/opt/openssl/include -gstrict-dwarf -O2 -fPIC -Wall -Wsign-compare -Wfloat-equal -Wpointer-arith -Wcast-align -Wall -Werror _mkltmp1HVdjd.c -o _mkltmp1HVdjd.c.o  -L/usr/local/opt/openssl/lib -L/Users/tonyefremenko/Documents/sandbox/mq/kafka/nodejs/kafka-nodejs/node_modules/node-rdkafka/build/deps 
DBG 10522: Setting strndup (strndup) status to ok (action disable)
DBG 10522: Compile check strlcpy (HAVE_STRLCPY) (sub=0): gcc  -I/usr/local/opt/openssl/include -gstrict-dwarf -O2 -fPIC -Wall -Wsign-compare -Wfloat-equal -Wpointer-arith -Wcast-align -Wall -Werror _mkltmpYdSmYY.c -o _mkltmpYdSmYY.c.o  -L/usr/local/opt/openssl/lib -L/Users/tonyefremenko/Documents/sandbox/mq/kafka/nodejs/kafka-nodejs/node_modules/node-rdkafka/build/deps 
DBG 10522: Setting strlcpy (strlcpy) status to ok (action disable)
DBG 10522: Compile check strerror_r (HAVE_STRERROR_R) (sub=0): gcc  -I/usr/local/opt/openssl/include -gstrict-dwarf -O2 -fPIC -Wall -Wsign-compare -Wfloat-equal -Wpointer-arith -Wcast-align -Wall -Werror _mkltmpURJhYi.c -o _mkltmpURJhYi.c.o  -L/usr/local/opt/openssl/lib -L/Users/tonyefremenko/Documents/sandbox/mq/kafka/nodejs/kafka-nodejs/node_modules/node-rdkafka/build/deps 
DBG 10522: Setting strerror_r (strerror_r) status to ok (action disable)
DBG 10522: Compile check pthread_setname_gnu (HAVE_PTHREAD_SETNAME_GNU) (sub=0): gcc  -I/usr/local/opt/openssl/include -gstrict-dwarf -O2 -fPIC -Wall -Wsign-compare -Wfloat-equal -Wpointer-arith -Wcast-align -Wall -Werror _mkltmpSaywve.c -o _mkltmpSaywve.c.o  -L/usr/local/opt/openssl/lib -L/Users/tonyefremenko/Documents/sandbox/mq/kafka/nodejs/kafka-nodejs/node_modules/node-rdkafka/build/deps -D_GNU_SOURCE -lpthread
DBG 10522: compile check for pthread_setname_gnu (HAVE_PTHREAD_SETNAME_GNU) failed: gcc  -I/usr/local/opt/openssl/include -gstrict-dwarf -O2 -fPIC -Wall -Wsign-compare -Wfloat-equal -Wpointer-arith -Wcast-align -Wall -Werror _mkltmpSaywve.c -o _mkltmpSaywve.c.o  -L/usr/local/opt/openssl/lib -L/Users/tonyefremenko/Documents/sandbox/mq/kafka/nodejs/kafka-nodejs/node_modules/node-rdkafka/build/deps -D_GNU_SOURCE -lpthread: _mkltmpSaywve.c:5:38: error: too many arguments to function call, expected 1, have 2
  pthread_setname_np(pthread_self(), "abc");
  ~~~~~~~~~~~~~~~~~~                 ^~~~~
/Library/Developer/CommandLineTools/SDKs/MacOSX.sdk/usr/include/pthread.h:510:5: note: 'pthread_setname_np' declared here
int     pthread_setname_np(const char*);
        ^
1 error generated.
DBG 10522: Setting pthread_setname_gnu (pthread_setname_gnu) status to failed (action disable)
DBG 10522: Check pthread_setname_gnu (HAVE_PTHREAD_SETNAME_GNU, action disable (originally disable)) failed: compile check failed:
CC: CC
flags: -D_GNU_SOURCE -lpthread
gcc  -I/usr/local/opt/openssl/include -gstrict-dwarf -O2 -fPIC -Wall -Wsign-compare -Wfloat-equal -Wpointer-arith -Wcast-align -Wall -Werror _mkltmpSaywve.c -o _mkltmpSaywve.c.o  -L/usr/local/opt/openssl/lib -L/Users/tonyefremenko/Documents/sandbox/mq/kafka/nodejs/kafka-nodejs/node_modules/node-rdkafka/build/deps -D_GNU_SOURCE -lpthread:
_mkltmpSaywve.c:5:38: error: too many arguments to function call, expected 1, have 2
  pthread_setname_np(pthread_self(), "abc");
  ~~~~~~~~~~~~~~~~~~                 ^~~~~
/Library/Developer/CommandLineTools/SDKs/MacOSX.sdk/usr/include/pthread.h:510:5: note: 'pthread_setname_np' declared here
int     pthread_setname_np(const char*);
        ^
1 error generated.
source: 
#include <pthread.h>

void foo (void) {
  pthread_setname_np(pthread_self(), "abc");
}

DBG 10522: Compile check pthread_setname_darwin (HAVE_PTHREAD_SETNAME_DARWIN) (sub=0): gcc  -I/usr/local/opt/openssl/include -gstrict-dwarf -O2 -fPIC -Wall -Wsign-compare -Wfloat-equal -Wpointer-arith -Wcast-align -Wall -Werror _mkltmpHohQvk.c -o _mkltmpHohQvk.c.o  -L/usr/local/opt/openssl/lib -L/Users/tonyefremenko/Documents/sandbox/mq/kafka/nodejs/kafka-nodejs/node_modules/node-rdkafka/build/deps -D_DARWIN_C_SOURCE -lpthread
DBG 10522: Setting pthread_setname_darwin (pthread_setname_darwin) status to ok (action disable)
DBG 10522: Setting nm (nm) status to ok (action cont)
DBG 10522: Compile check getrusage (HAVE_GETRUSAGE) (sub=0): gcc  -I/usr/local/opt/openssl/include -gstrict-dwarf -O2 -fPIC -Wall -Wsign-compare -Wfloat-equal -Wpointer-arith -Wcast-align -Wall -Werror _mkltmpbJkyHT.c -o _mkltmpbJkyHT.c.o  -L/usr/local/opt/openssl/lib -L/Users/tonyefremenko/Documents/sandbox/mq/kafka/nodejs/kafka-nodejs/node_modules/node-rdkafka/build/deps 
DBG 10522: Setting getrusage (getrusage) status to ok (action disable)
